(---------------------------------------------------------------------)
(                                                                     )
(    Dump Library Log                                                 )
(                                                                     )
(    Software Version : 17.4S039                                      )
(    Date/Time        : Fri Nov 21 10:25:42 2025                      )
(                                                                     )
(---------------------------------------------------------------------)


*** file: G:/Cadence/SPB_Data/unnamed.brd ***



  *** Creating all device files (see create_devices.log) ***


  *** Creating padstacks. ***

  SMD_R551X472P2S4 being dumped.


  *** Creating package symbols (.dra and .psm) ***

  crystal-smd_4p-l3_2-w2_5-bl being dumped.



*********************** Summary *********************
ERRORs reported:                           0

Number of padstacks dumped:                1
Number of package symbols dumped:          1

Total number of symbols dumped:            1
*****************************************************

