temp/xxnedtmp2/event.log NEWFILE1
temp/xxnedtmp2/text.log NEWFILE2
temp/xxnedtmp2/environ.log NEWFILE3
D:\Coding\Cadence\SPB_17.4\share\cdssetup/concept/concepthdl.scr FILE4
D:\Coding\Cadence\Project\POWAMP\cds.lib FILE5
D:\Coding\Cadence\Project\POWAMP\worklib\power_amplifier\sch_1\page1.csb FILE6
D:\Coding\Cadence\Project\POWAMP\worklib\power_amplifier\sch_1\page_map.lck NEWFILE7
D:\Coding\Cadence\Project\POWAMP\worklib\power_amplifier\sch_1\page1_csb.lck NEWFILE8
temp/xxnedtmp2/undo1.log NEWFILE9
D:\Coding\Cadence\SPB_17.4\share\library\standard\b#20size#20page\sym_1\symbol.css FILE10
D:\Coding\Cadence\Project\POWAMP\worklib\power_amplifier\sch_1\page3.csb FILE11
D:\Coding\Cadence\Project\POWAMP\worklib\power_amplifier\sch_1\page3_csb.lck NEWFILE12
D:\Coding\Cadence\Project\POWAMP\worklib\power_amplifier\sch_1\page1_csa.lck NEWFILE13
D:\Coding\Cadence\Project\POWAMP\My_lib\pages\pages\sym_1\symbol.css FILE14
D:\Coding\Cadence\Project\POWAMP\My_lib\FerriteBead\blm18pg121sn1d_c14709\sym_1\symbol.css FILE15
D:\Coding\Cadence\Project\POWAMP\My_lib\resistor\res0603\sym_1\symbol.css FILE16
D:\Coding\Cadence\Project\POWAMP\My_lib\capacitor\c0603\sym_1\symbol.css FILE17
D:\Coding\Cadence\Project\POWAMP\My_lib\protection\esd05\sym_1\symbol.css FILE18
D:\Coding\Cadence\Project\POWAMP\My_lib\connector\usb2_0\sym_1\symbol.css FILE19
D:\Coding\Cadence\Project\POWAMP\worklib\power_amplifier\sch_1\page3_csa.lck NEWFILE20
D:/Coding/Cadence/Project/POWAMP/worklib/power_amplifier/sch_1/power_amplifier.xcon FILE21
D:/Coding/Cadence/Project/POWAMP/worklib/power_amplifier/sch_1/power_amplifier.dcf FILE22
