	(Comment
		(Time 11/16/25,15:44:07)
		(User 63524)
		(MsgId ECO_081)
		(Text "Symbol sym_1 added to cell")
		(Param1 "sym_1")
	)
	(Comment
		(Time 11/16/25,15:44:13)
		(User 63524)
		(MsgId ECO_021)
		(Text "Package C3216 added to cell")
		(Param1 "C3216")
	)
	(Comment
		(Time 11/16/25,15:45:38)
		(User 63524)
		(MsgId ECO_081)
		(Text "Symbol sym_2 added to cell")
		(Param1 "sym_2")
	)
	(Comment
		(Time 11/16/25,15:45:43)
		(User 63524)
		(MsgId ECO_082)
		(Text "Symbol sym_1 deleted from cell")
		(Param1 "sym_1")
	)
	(Comment
		(Time 11/16/25,15:45:46)
		(User 63524)
		(MsgId ECO_082)
		(Text "Symbol sym_2 deleted from cell")
		(Param1 "sym_2")
	)
	(Comment
		(Time 11/16/25,15:45:50)
		(User 63524)
		(MsgId ECO_081)
		(Text "Symbol sym_1 added to cell")
		(Param1 "sym_1")
	)
