FILE_TYPE=LIBRARY_PARTS;
primitive 'L0805';
  pin
    '1':
      PIN_NUMBER='(A)';
      PINUSE='UNSPEC';
      NO_LOAD_CHECK='Both';
      NO_IO_CHECK='Both';
      NO_ASSERT_CHECK='TRUE';
      NO_DIR_CHECK='TRUE';
      ALLOW_CONNECT='TRUE';
    '2':
      PIN_NUMBER='(C)';
      PINUSE='UNSPEC';
      NO_LOAD_CHECK='Both';
      NO_IO_CHECK='Both';
      NO_ASSERT_CHECK='TRUE';
      NO_DIR_CHECK='TRUE';
      ALLOW_CONNECT='TRUE';
  end_pin;
  body
    PART_NAME='L0805';
    BODY_NAME='L0805';
    JEDEC_TYPE='smd0805';
    PHYS_DES_PREFIX='L';
    CLASS='DISCRETE';
  end_body;
end_primitive;

END.
