temp/xxnedtmp/event.log NEWFILE1
temp/xxnedtmp/text.log NEWFILE2
temp/xxnedtmp/environ.log NEWFILE3
D:\Coding\Cadence\SPB_17.4\share\cdssetup/concept/concepthdl.scr FILE4
D:\Coding\Cadence\Project\POWAMP\cds.lib FILE5
D:\Coding\Cadence\Project\POWAMP\worklib\power_amplifier\sch_1\page1.csb FILE6
D:\Coding\Cadence\Project\POWAMP\worklib\power_amplifier\sch_1\page_map.lck NEWFILE7
D:\Coding\Cadence\Project\POWAMP\worklib\power_amplifier\sch_1\page1_csb.lck NEWFILE8
temp/xxnedtmp/undo1.log NEWFILE9
D:\Coding\Cadence\Project\POWAMP\My_lib\pages\pages\sym_1\symbol.css FILE10
D:\Coding\Cadence\Project\POWAMP\worklib\power_amplifier\sch_1\page1_csa.lck NEWFILE11
D:/Coding/Cadence/Project/POWAMP/worklib/power_amplifier/sch_1/power_amplifier.xcon FILE12
D:/Coding/Cadence/Project/POWAMP/worklib/power_amplifier/sch_1/power_amplifier.dcf FILE13
D:\Coding\Cadence\Project\POWAMP\worklib\power_amplifier\sch_1\page2.csb FILE14
D:\Coding\Cadence\Project\POWAMP\worklib\power_amplifier\sch_1\page2_csb.lck NEWFILE15
D:\Coding\Cadence\SPB_17.4\share\library\standard\gnd_signal\sym_1\symbol.css FILE16
D:\Coding\Cadence\Project\POWAMP\My_lib\ic\sa9227a\sym_1\symbol.css FILE17
D:\Coding\Cadence\Project\POWAMP\My_lib\ic\sa9227a\sym_1\symbol_css.lck NEWFILE18
D:\Coding\Cadence\Project\POWAMP\worklib\power_amplifier\sch_1\page2_csa.lck NEWFILE19
D:\Coding\Cadence\SPB_17.4\share\library\standard\origin\sym_1\symbol.css FILE20
D:/Coding/Cadence/Project/POWAMP/worklib/power_amplifier/sch_1/power_amplifier_xcon.lck NEWFILE21
D:/Coding/Cadence/Project/POWAMP/worklib/power_amplifier/sch_1/power_amplifier_dcf.lck NEWFILE22
D:/Coding/Cadence/Project/POWAMP/worklib/power_amplifier/sch_1/page_map.lck NEWFILE23
D:/Coding/Cadence/Project/POWAMP/worklib/power_amplifier/sch_1/page1_csa.lck NEWFILE24
D:/Coding/Cadence/Project/POWAMP/worklib/power_amplifier/sch_1/page1_csb.lck FILE25
D:/Coding/Cadence/Project/POWAMP/worklib/power_amplifier/sch_1/page2_csa.lck NEWFILE26
D:/Coding/Cadence/Project/POWAMP/worklib/power_amplifier/sch_1/page2_csb.lck NEWFILE27
D:/Coding/Cadence/Project/POWAMP/worklib/power_amplifier/sch_1/pc.db FILE28
temp/xxnedtmp/concept.mkr NEWFILE29
D:/Coding/Cadence/SPB_17.4/tools/language/pack_type_rename.dat NEWFILE30
temp/xxnedtmp/../pages.mkr NEWFILE31
D:\Coding\Cadence\Project\POWAMP\worklib\power_amplifier\sch_1\page2.csa NEWFILE32
D:\Coding\Cadence\Project\POWAMP\worklib\power_amplifier\sch_1\page2.csv NEWFILE33
temp/xxnedtmp/csnetlister.mkr NEWFILE34
D:\Coding\Cadence\Project\POWAMP\worklib\power_amplifier\sch_1\pc.db FILE35
temp/xxnedtmp/undo2.log NEWFILE36
D:\Coding\Cadence\SPB_17.4\share\library\standard\pground\sym_1\symbol.css FILE37
D:\Coding\Cadence\SPB_17.4\share\library\standard\gnd_power\sym_1\symbol.css FILE38
D:\Coding\Cadence\Project\POWAMP\My_lib\capacitor\c0402\sym_1\symbol.css FILE39
D:\Coding\Cadence\Project\POWAMP\My_lib\capacitor\c3216\sym_1\symbol.css FILE40
D:\Coding\Cadence\Project\POWAMP\My_lib\resistor\res0805\sym_1\symbol.css FILE41
D:\Coding\Cadence\Project\POWAMP\My_lib\inductor\l0805\sym_1\symbol.css FILE42
D:/Coding/Cadence/SPB_17.4/tools/language/config.dat FILE43
D:\Coding\Cadence\Project\POWAMP\My_lib\capacitor\c0603\sym_1\symbol.css FILE44
D:\Coding\Cadence\SPB_17.4\share\library\standard\vcc_bar\sym_1\symbol.css FILE45
D:\Coding\Cadence\SPB_17.4\share\library\standard\vcc_arrow\sym_1\symbol.css FILE46
D:\Coding\Cadence\SPB_17.4\share\library\standard\vcc_bar\sym_1\symbol_css.lck NEWFILE47
D:\Coding\Cadence\SPB_17.4\share\library\standard\vcc_arrow\sym_1\symbol_css.lck NEWFILE48
