Allegro Design Entry HDL 17.4-2019 S039 (4153571) 11/4/2023
Copyright 2021 Cadence Design Systems, Inc

WARNING(SPCOCN-1474): You must specify a window that contains a drawing.
WARNING(SPCOCN-1474): You must specify a window that contains a drawing.
WARNING(SPCOCN-1474): You must specify a window that contains a drawing.
WARNING(SPCOCN-1474): You must specify a window that contains a drawing.
WARNING(SPCOCN-1474): You must specify a window that contains a drawing.
WARNING(SPCOCN-1474): You must specify a window that contains a drawing.
WARNING(SPCOCN-1474): You must specify a window that contains a drawing.
WARNING(SPCOCN-2065): The PLOT_DPI directive defines the Dots Per Inch setting used by the printer for printing. Ensure that you specify a positive integer value for the directive.
WARNING(SPCOCN-1474): You must specify a window that contains a drawing.
WARNING(SPCOCN-1474): You must specify a window that contains a drawing.
WARNING(SPCOCN-1474): You must specify a window that contains a drawing.
WARNING(SPCOCN-1474): You must specify a window that contains a drawing.
WARNING(SPCOCN-1474): You must specify a window that contains a drawing.
WARNING(SPCOCN-1474): You must specify a window that contains a drawing.
WARNING(SPCOCN-1474): You must specify a window that contains a drawing.
WARNING(SPCOCN-1474): You must specify a window that contains a drawing.
WARNING(SPCOCN-1474): You must specify a window that contains a drawing.
WARNING(SPCOCN-1474): You must specify a window that contains a drawing.
WARNING(SPCOCN-1474): You must specify a window that contains a drawing.
WARNING(SPCOCN-1474): You must specify a window that contains a drawing.
WARNING(SPCOCN-1474): You must specify a window that contains a drawing.
INFO(SPCOCN-1737): Reading D:\Coding\Cadence\Project\POWAMP\cds.lib file.
WARNING(SPCOCN-1474): You must specify a window that contains a drawing.
INFO(SPCOCN-1445): Reading POWER_AMPLIFIER.SCH.1.1 into drawing #1.
INFO(SPCOCN-195): The following file will be used to identify the list of modules to be excluded: 'D:\Coding\Cadence\SPB_17.4\share\cdssetup\xmodules.dat'.
INFO(SPCOCN-1445): Reading POWER_AMPLIFIER.SCH.1.1 into drawing #1.
INFO(SPCOCN-1445): Reading POWER_AMPLIFIER.SCH.1.2 into drawing #1.
WARNING(SPCOCN-1511): The component could not be added because you did not select the part in Component Browser before clicking the schematic. First select a part from a library in Component Browser, and then click the schematic.
WARNING(SPCOCN-1511): The component could not be added because you did not select the part in Component Browser before clicking the schematic. First select a part from a library in Component Browser, and then click the schematic.
INFO(SPCOCN-1001): Component: I1 selected.
INFO(SPCOCN-1445): Reading SA9227A.SYM.1.1 into drawing #1.
WARNING(SPCOCN-3421): Symbol '1' of cell 'SA9227A' was saved in another application, which uses a different library format. In DE-HDL, these library format files are not updated when the symbol is saved. To avoid out of sync data between applications, the library format files of the other application will be deleted.
INFO(SPCOCN-1445): Reading POWER_AMPLIFIER.SCH.1.2 into drawing #1.
INFO(SPCOCN-1445): Reading POWER_AMPLIFIER.SCH.1.1 into drawing #1.
INFO(SPCOCN-1001): Component: ??? selected.
INFO(SPCOCN-1001): Component: ??? selected.
INFO(SPCOCN-1001): Component: ??? selected.
INFO(SPCOCN-1001): Component: ??? selected.
INFO(SPCOCN-1446): New schematic POWER_AMPLIFIER.SCH.1.2 started as drawing #1.
WARNING(SPCOCN-1288): Could not find component with path I1 to highlight.
WARNING(SPCOCN-1288): Could not find component with path I1 to highlight.
WARNING(SPCOCN-503): The specified stroke shape '17814' is not recognized. Ensure that you specify a known shape.
INFO(SPCOCN-1445): Reading POWER_AMPLIFIER.SCH.1.1 into drawing #1.
;
INFO(SPCOCN-1001): Component: ??? selected.
INFO(SPCOCN-1001): Component: ??? selected.
INFO(SPCOCN-1446): New schematic POWER_AMPLIFIER.SCH.1.2 started as drawing #1.
INFO(SPCOCN-1507): Adding version 1 of part PAGES from library pages
INFO(SPCOCN-1070): Checking drawing...
INFO(SPCOCN-1028): writing <power_amplifier_lib>POWER_AMPLIFIER.SCH.1.2:
INFO(SPCOCN-1044): writing binary file...
INFO(SPCOCN-1049): Writing ASCII file...
INFO(SPCOCN-1727): Appending master.tag page1.csa with page2.csa
INFO(SPCOCN-1053): writing connectivity file...
INFO(SPCOCN-1054): ...written

CSDirect 17.4-2019 S039 (4153571)

Netlisting block power_amplifier

Processing page 2

No netlisting errors found. 

INFO(SPCOCN-1640): writing occurrence data...
INFO(SPCOCN-1054): ...written
INFO(SPCOCN-1507): Adding version 1 of part SA9227A from library ic
WARNING(SPCOCN-503): The specified stroke shape '18735' is not recognized. Ensure that you specify a known shape.
WARNING(SPCOCN-503): The specified stroke shape '46839' is not recognized. Ensure that you specify a known shape.
INFO(SPCOCN-1001): Component: I1 selected.
INFO(SPCOCN-1854): The drawing POWER_AMPLIFIER.SCH.1.2
INFO(SPCOCN-578): will be retained as drawing #1.
INFO(SPCOCN-1445): Reading SA9227A.SYM.1.1 into drawing #2.
WARNING(SPCOCN-3421): Symbol '1' of cell 'SA9227A' was saved in another application, which uses a different library format. In DE-HDL, these library format files are not updated when the symbol is saved. To avoid out of sync data between applications, the library format files of the other application will be deleted.
INFO(SPCOCN-1443): POWER_AMPLIFIER.SCH.1.2 has been previously edited as drawing #1.
WARNING(SPCOCN-503): The specified stroke shape '7945' is not recognized. Ensure that you specify a known shape.
WARNING(SPCOCN-503): The specified stroke shape '17685' is not recognized. Ensure that you specify a known shape.
INFO(SPCOCN-1195): Group contains:   1 bodies   2 properties   0 notes   0 wires   0 dots   0 images
INFO(SPCOCN-1001): Component: I1 selected.
INFO(SPCOCN-1195): Group contains:   1 bodies   2 properties   0 notes   0 wires   0 dots   0 images
;
WARNING(SPCOCN-982): The operation could not be performed because no object on the drawing was selected.
INFO(SPCOCN-1507): Adding version 1 of part PGROUND from library standard
WARNING(SPCOCN-503): The specified stroke shape '37222' is not recognized. Ensure that you specify a known shape.
WARNING(SPCOCN-503): The specified stroke shape '36454' is not recognized. Ensure that you specify a known shape.
WARNING(SPCOCN-503): The specified stroke shape '52970' is not recognized. Ensure that you specify a known shape.
WARNING(SPCOCN-982): The operation could not be performed because no object on the drawing was selected.
WARNING(SPCOCN-982): The operation could not be performed because no object on the drawing was selected.
WARNING(SPCOCN-503): The specified stroke shape '9399' is not recognized. Ensure that you specify a known shape.
WARNING(SPCOCN-982): The operation could not be performed because no object on the drawing was selected.
WARNING(SPCOCN-982): The operation could not be performed because no object on the drawing was selected.
;
WARNING(SPCOCN-982): The operation could not be performed because no object on the drawing was selected.
WARNING(SPCOCN-982): The operation could not be performed because no object on the drawing was selected.
WARNING(SPCOCN-982): The operation could not be performed because no object on the drawing was selected.
INFO(SPCOCN-1507): Adding version 1 of part C0402 from library capacitor
INFO(SPCOCN-1507): Adding version 1 of part C0402 from library capacitor
WARNING(SPCOCN-503): The specified stroke shape '26795' is not recognized. Ensure that you specify a known shape.
WARNING(SPCOCN-503): The specified stroke shape '18725' is not recognized. Ensure that you specify a known shape.
WARNING(SPCOCN-982): The operation could not be performed because no object on the drawing was selected.
;
INFO(SPCOCN-1195): Group contains:   2 bodies   4 properties   0 notes   0 wires   0 dots   0 images
INFO(SPCOCN-1507): Adding version 1 of part GND_SIGNAL from library standard
INFO(SPCOCN-1507): Adding version 1 of part GND_SIGNAL from library standard
WARNING(SPCOCN-503): The specified stroke shape '23221' is not recognized. Ensure that you specify a known shape.
INFO(SPCOCN-1195): Group contains:   1 bodies   1 properties   0 notes   0 wires   0 dots   0 images
WARNING(SPCOCN-503): The specified stroke shape '65517' is not recognized. Ensure that you specify a known shape.
WARNING(SPCOCN-503): The specified stroke shape '35766' is not recognized. Ensure that you specify a known shape.
INFO(SPCOCN-1001): Component: I4 selected.
WARNING(SPCOCN-503): The specified stroke shape '38485' is not recognized. Ensure that you specify a known shape.
INFO(SPCOCN-1195): Group contains:   2 bodies   4 properties   0 notes   4 wires   0 dots   0 images
INFO(SPCOCN-1001): Component: I4 selected.
INFO(SPCOCN-1195): Group contains:   1 bodies   2 properties   0 notes   2 wires   0 dots   0 images
INFO(SPCOCN-1001): Component: I4 selected.
INFO(SPCOCN-1001): Component: I1 selected.
INFO(SPCOCN-1507): Adding version 1 of part RES0805 from library resistor
WARNING(SPCOCN-982): The operation could not be performed because no object on the drawing was selected.
INFO(SPCOCN-1000): Pin: I2.GND selected.
INFO(SPCOCN-1000): Pin: I2.GND selected.
WARNING(SPCOCN-503): The specified stroke shape '65509' is not recognized. Ensure that you specify a known shape.
INFO(SPCOCN-1001): Component: I6 selected.
INFO(SPCOCN-1070): Checking drawing...
INFO(SPCOCN-1024): Drawing not written.
INFO(SPCOCN-1507): Adding version 1 of part C3216 from library capacitor
INFO(SPCOCN-1507): Adding version 1 of part C0603 from library capacitor
INFO(SPCOCN-1507): Adding version 1 of part VCC_BAR from library standard
INFO(SPCOCN-1507): Adding version 1 of part VCC_BAR from library standard
WARNING(SPCOCN-982): The operation could not be performed because no object on the drawing was selected.
INFO(SPCOCN-1854): The drawing POWER_AMPLIFIER.SCH.1.2
INFO(SPCOCN-578): will be retained as drawing #1.
INFO(SPCOCN-1445): Reading VCC_BAR.SYM.1.1 into drawing #2.
INFO(SPCOCN-1443): POWER_AMPLIFIER.SCH.1.2 has been previously edited as drawing #1.
INFO(SPCOCN-1443): VCC_BAR.SYM.1.1 has been previously edited as drawing #2.
INFO(SPCOCN-1443): POWER_AMPLIFIER.SCH.1.2 has been previously edited as drawing #1.
INFO(SPCOCN-1443): VCC_BAR.SYM.1.1 has been previously edited as drawing #2.
INFO(SPCOCN-1443): POWER_AMPLIFIER.SCH.1.2 has been previously edited as drawing #1.
INFO(SPCOCN-1443): VCC_BAR.SYM.1.1 has been previously edited as drawing #2.
WARNING(SPCOCN-503): The specified stroke shape '36438' is not recognized. Ensure that you specify a known shape.
INFO(SPCOCN-1443): POWER_AMPLIFIER.SCH.1.2 has been previously edited as drawing #1.
No Chips.prt file present for cell VCC_BAR. Cannot add POWER_GROUP/POWER_PINS/NC_PINS property.


INFO(SPCOCN-1443): VCC_BAR.SYM.1.1 has been previously edited as drawing #2.
INFO(SPCOCN-1070): Checking drawing...
INFO(SPCOCN-1028): writing <standard>VCC_BAR.SYM.1.1:
INFO(SPCOCN-1051): writing body file...
INFO(SPCOCN-1054): ...written
No netlisting errors found. 

INFO(SPCOCN-1640): writing occurrence data...
INFO(SPCOCN-1054): ...written
INFO(SPCOCN-1443): POWER_AMPLIFIER.SCH.1.2 has been previously edited as drawing #1.
INFO(SPCOCN-1070): Checking drawing...
INFO(SPCOCN-1024): Drawing not written.
INFO(SPCOCN-1443): VCC_BAR.SYM.1.1 has been previously edited as drawing #2.
INFO(SPCOCN-1070): Checking drawing...
INFO(SPCOCN-1028): writing <standard>VCC_BAR.SYM.1.1:
INFO(SPCOCN-1051): writing body file...
INFO(SPCOCN-1054): ...written
No netlisting errors found. 

INFO(SPCOCN-1640): writing occurrence data...
INFO(SPCOCN-1054): ...written
INFO(SPCOCN-1443): POWER_AMPLIFIER.SCH.1.2 has been previously edited as drawing #1.
WARNING(SPCOCN-1915): Path properties cannot be copied.
WARNING(SPCOCN-982): The operation could not be performed because no object on the drawing was selected.
INFO(SPCOCN-1507): Adding version 1 of part GND_POWER from library standard
INFO(SPCOCN-1001): Component: I1 selected.
INFO(SPCOCN-1001): Component: I7 selected.
INFO(SPCOCN-1070): Checking drawing...
INFO(SPCOCN-1024): Drawing not written.
;
INFO(SPCOCN-1070): Checking drawing...
INFO(SPCOCN-1024): Drawing not written.
INFO(SPCOCN-999): Signal: UN$2$L0805$I6$2 selected.
INFO(SPCOCN-999): Signal: UN$2$L0805$I6$2 selected.
INFO(SPCOCN-1070): Checking drawing...
INFO(SPCOCN-1024): Drawing not written.
INFO(SPCOCN-999): Signal: GND_POWER selected.
INFO(SPCOCN-1507): Adding version 1 of part GND_POWER from library standard
INFO(SPCOCN-1070): Checking drawing...
INFO(SPCOCN-1024): Drawing not written.
INFO(SPCOCN-1070): Checking drawing...
INFO(SPCOCN-1024): Drawing not written.
INFO(SPCOCN-999): Signal: VCC_BAR selected.
INFO(SPCOCN-1070): Checking drawing...
INFO(SPCOCN-1024): Drawing not written.
INFO(SPCOCN-1070): Checking drawing...
INFO(SPCOCN-1024): Drawing not written.
INFO(SPCOCN-999): Signal: VCC_BAR selected.
INFO(SPCOCN-999): Signal: VCC_BAR selected.
INFO(SPCOCN-999): Signal: VCC_BAR selected.
INFO(SPCOCN-999): Signal: VCC_BAR selected.
INFO(SPCOCN-999): Signal: VCC_BAR selected.
INFO(SPCOCN-999): Signal: VCC_BAR selected.
WARNING(SPCOCN-982): The operation could not be performed because no object on the drawing was selected.
INFO(SPCOCN-999): Signal: VCC_BAR selected.
INFO(SPCOCN-999): Signal: VCC_BAR selected.
INFO(SPCOCN-999): Signal: VCC_BAR selected.
INFO(SPCOCN-1443): VCC_BAR.SYM.1.1 has been previously edited as drawing #2.
INFO(SPCOCN-1443): POWER_AMPLIFIER.SCH.1.2 has been previously edited as drawing #1.
INFO(SPCOCN-999): Signal: VCC_BAR selected.
No Chips.prt file present for cell VCC_BAR. Cannot add POWER_GROUP/POWER_PINS/NC_PINS property.


INFO(SPCOCN-1507): Adding version 1 of part VCC_ARROW from library standard
INFO(SPCOCN-1507): Adding version 1 of part VCC_ARROW from library standard
INFO(SPCOCN-1854): The drawing POWER_AMPLIFIER.SCH.1.2
INFO(SPCOCN-578): will be retained as drawing #1.
INFO(SPCOCN-1445): Reading VCC_ARROW.SYM.1.1 into drawing #2.
INFO(SPCOCN-1443): POWER_AMPLIFIER.SCH.1.2 has been previously edited as drawing #1.
INFO(SPCOCN-1070): Checking drawing...
INFO(SPCOCN-1024): Drawing not written.
INFO(SPCOCN-1443): VCC_ARROW.SYM.1.1 has been previously edited as drawing #2.
INFO(SPCOCN-1443): POWER_AMPLIFIER.SCH.1.2 has been previously edited as drawing #1.
WARNING(SPCOCN-982): The operation could not be performed because no object on the drawing was selected.
WARNING(SPCOCN-503): The specified stroke shape '43567' is not recognized. Ensure that you specify a known shape.
ERROR(SPCOCN-1521): Specify a signal name before selecting point.
ERROR(SPCOCN-1521): Specify a signal name before selecting point.
ERROR(SPCOCN-1521): Specify a signal name before selecting point.
WARNING(SPCOCN-503): The specified stroke shape '38350' is not recognized. Ensure that you specify a known shape.
WARNING(SPCOCN-982): The operation could not be performed because no object on the drawing was selected.
INFO(SPCOCN-1070): Checking drawing...
INFO(SPCOCN-1024): Drawing not written.
ERROR(SPCOCN-1521): Specify a signal name before selecting point.
WARNING(SPCOCN-982): The operation could not be performed because no object on the drawing was selected.
WARNING(SPCOCN-982): The operation could not be performed because no object on the drawing was selected.
WARNING(SPCOCN-982): The operation could not be performed because no object on the drawing was selected.
WARNING(SPCOCN-982): The operation could not be performed because no object on the drawing was selected.
WARNING(SPCOCN-982): The operation could not be performed because no object on the drawing was selected.
WARNING(SPCOCN-982): The operation could not be performed because no object on the drawing was selected.
WARNING(SPCOCN-982): The operation could not be performed because no object on the drawing was selected.
No Chips.prt file present for cell VCC_BAR. Cannot add POWER_GROUP/POWER_PINS/NC_PINS property.


