temp/xxnedtmp1/event.log NEWFILE1
temp/xxnedtmp1/text.log NEWFILE2
temp/xxnedtmp1/environ.log NEWFILE3
D:\Coding\Cadence\SPB_17.4\share\cdssetup/concept/concepthdl.scr FILE4
D:\Coding\Cadence\Project\POWAMP\cds.lib FILE5
D:\Coding\Cadence\Project\POWAMP\worklib\power_amplifier\sch_1\page1.csb FILE6
D:\Coding\Cadence\Project\POWAMP\worklib\power_amplifier\sch_1\page_map.lck NEWFILE7
D:\Coding\Cadence\Project\POWAMP\worklib\power_amplifier\sch_1\page1_csb.lck NEWFILE8
temp/xxnedtmp1/undo1.log NEWFILE9
D:\Coding\Cadence\Project\POWAMP\My_lib\pages\pages\sym_1\symbol.css FILE10
D:\Coding\Cadence\Project\POWAMP\worklib\power_amplifier\sch_1\page1_csa.lck NEWFILE11
D:/Coding/Cadence/Project/POWAMP/worklib/power_amplifier/sch_1/power_amplifier.xcon FILE12
D:/Coding/Cadence/Project/POWAMP/worklib/power_amplifier/sch_1/power_amplifier.dcf FILE13
D:\Coding\Cadence\Project\POWAMP\worklib\power_amplifier\sch_1\page2.csb FILE14
D:\Coding\Cadence\Project\POWAMP\worklib\power_amplifier\sch_1\page2_csb.lck NEWFILE15
D:\Coding\Cadence\Project\POWAMP\My_lib\ic\sa9227a\sym_1\symbol.css FILE16
D:/Coding/Cadence/Project/POWAMP/worklib/power_amplifier/sch_1/power_amplifier_xcon.lck NEWFILE17
D:/Coding/Cadence/Project/POWAMP/worklib/power_amplifier/sch_1/power_amplifier_dcf.lck NEWFILE18
D:/Coding/Cadence/Project/POWAMP/worklib/power_amplifier/sch_1/page_map.lck NEWFILE19
D:\Coding\Cadence\Project\POWAMP\worklib\power_amplifier\sch_1\page2_csa.lck NEWFILE20
D:/Coding/Cadence/Project/POWAMP/worklib/power_amplifier/sch_1/page1_csa.lck NEWFILE21
D:/Coding/Cadence/Project/POWAMP/worklib/power_amplifier/sch_1/page1_csb.lck FILE22
D:/Coding/Cadence/Project/POWAMP/worklib/power_amplifier/sch_1/page2_csa.lck NEWFILE23
D:/Coding/Cadence/Project/POWAMP/worklib/power_amplifier/sch_1/page2_csb.lck NEWFILE24
D:/Coding/Cadence/Project/POWAMP/worklib/power_amplifier/sch_1/pc.db FILE25
temp/xxnedtmp1/concept.mkr NEWFILE26
D:/Coding/Cadence/SPB_17.4/tools/language/pack_type_rename.dat NEWFILE27
temp/xxnedtmp1/../sa9227a.mkr NEWFILE28
temp/xxnedtmp1/../pages.mkr NEWFILE29
D:\Coding\Cadence\Project\POWAMP\worklib\power_amplifier\sch_1\page1.csa FILE30
D:\Coding\Cadence\Project\POWAMP\worklib\power_amplifier\sch_1\page1.csv FILE31
temp/xxnedtmp1/csnetlister.mkr NEWFILE32
D:\Coding\Cadence\Project\POWAMP\worklib\power_amplifier\sch_1\pc.db FILE33
C:/Users/63524/AppData/Local/Temp/conB490.tmp FILE34
temp/xxnedtmp1/undo2.log NEWFILE35
D:\Coding\Cadence\SPB_17.4\share\library\standard\origin\sym_1\symbol.css FILE36
temp/xxnedtmp1/undo3.log NEWFILE37
D:\Coding\Cadence\Project\POWAMP\worklib\block1\sym_1\symbol.css NEWFILE38
D:\Coding\Cadence\Project\POWAMP\worklib\block1\sym_1\symbol_css.lck NEWFILE39
D:\Coding\Cadence\Project\POWAMP\worklib\block1\sch_1\page1.csb NEWFILE40
D:\Coding\Cadence\Project\POWAMP\worklib\block1\sch_1\page1.csa NEWFILE41
D:\Coding\Cadence\Project\POWAMP\worklib\block1\sch_1\page1.csv NEWFILE42
D:\Coding\Cadence\Project\POWAMP\worklib\block1\sch_1\page1_csb.lck NEWFILE43
D:/Coding/Cadence/Project/POWAMP/worklib/block1/sch_1/block1_xcon.lck NEWFILE44
D:/Coding/Cadence/Project/POWAMP/worklib/block1/sch_1/block1_dcf.lck NEWFILE45
D:\Coding\Cadence\Project\POWAMP\worklib\block1\sch_1\pc.db NEWFILE46
D:\Coding\Cadence\Project\POWAMP\worklib\block1\sch_1\page1_csa.lck NEWFILE47
temp/xxnedtmp1/../block1.mkr NEWFILE48
D:\Coding\Cadence\Project\POWAMP\My_lib\capacitor\c0402\sym_1\symbol.css FILE49
D:\Coding\Cadence\Project\POWAMP\worklib\block1\sch_1\page_map.lck NEWFILE50
D:\Coding\Cadence\Project\POWAMP\worklib/block1 FILE51
temp/xxnedtmp1/../c0402.mkr NEWFILE52
D:\Coding\Cadence\Project\POWAMP\My_lib\capacitor\c3216\sym_1\symbol.css FILE53
temp/xxnedtmp1/../c3216.mkr NEWFILE54
D:\Coding\Cadence\Project\POWAMP\My_lib\inductor\l0805\sym_1\symbol.css FILE55
D:\Coding\Cadence\Project\POWAMP\My_lib\capacitor\c0603\sym_1\symbol.css FILE56
D:/Coding/Cadence/SPB_17.4/tools/language/config.dat FILE57
temp/xxnedtmp1/../c0603.mkr NEWFILE58
temp/xxnedtmp1/../l0805.mkr NEWFILE59
