Allegro Design Entry HDL 17.4-2019 S039 (4153571) 11/4/2023
Copyright 2021 Cadence Design Systems, Inc

WARNING(SPCOCN-1474): You must specify a window that contains a drawing.
WARNING(SPCOCN-1474): You must specify a window that contains a drawing.
WARNING(SPCOCN-1474): You must specify a window that contains a drawing.
WARNING(SPCOCN-1474): You must specify a window that contains a drawing.
WARNING(SPCOCN-1474): You must specify a window that contains a drawing.
WARNING(SPCOCN-1474): You must specify a window that contains a drawing.
WARNING(SPCOCN-1474): You must specify a window that contains a drawing.
WARNING(SPCOCN-2065): The PLOT_DPI directive defines the Dots Per Inch setting used by the printer for printing. Ensure that you specify a positive integer value for the directive.
WARNING(SPCOCN-1474): You must specify a window that contains a drawing.
WARNING(SPCOCN-1474): You must specify a window that contains a drawing.
WARNING(SPCOCN-1474): You must specify a window that contains a drawing.
WARNING(SPCOCN-1474): You must specify a window that contains a drawing.
WARNING(SPCOCN-1474): You must specify a window that contains a drawing.
WARNING(SPCOCN-1474): You must specify a window that contains a drawing.
WARNING(SPCOCN-1474): You must specify a window that contains a drawing.
WARNING(SPCOCN-1474): You must specify a window that contains a drawing.
WARNING(SPCOCN-1474): You must specify a window that contains a drawing.
WARNING(SPCOCN-1474): You must specify a window that contains a drawing.
WARNING(SPCOCN-1474): You must specify a window that contains a drawing.
WARNING(SPCOCN-1474): You must specify a window that contains a drawing.
WARNING(SPCOCN-1474): You must specify a window that contains a drawing.
INFO(SPCOCN-1737): Reading D:\Coding\Cadence\Project\POWAMP\cds.lib file.
WARNING(SPCOCN-1474): You must specify a window that contains a drawing.
INFO(SPCOCN-1445): Reading POWER_AMPLIFIER.SCH.1.1 into drawing #1.
INFO(SPCOCN-195): The following file will be used to identify the list of modules to be excluded: 'D:\Coding\Cadence\SPB_17.4\share\cdssetup\xmodules.dat'.
INFO(SPCOCN-1445): Reading POWER_AMPLIFIER.SCH.1.1 into drawing #1.
INFO(SPCOCN-1445): Reading POWER_AMPLIFIER.SCH.1.2 into drawing #1.
INFO(SPCOCN-1445): Reading POWER_AMPLIFIER.SCH.1.1 into drawing #1.
INFO(SPCOCN-1507): Adding version 1 of part SA9227A from library ic
INFO(SPCOCN-1070): Checking drawing...
INFO(SPCOCN-1028): writing <power_amplifier_lib>POWER_AMPLIFIER.SCH.1.1:
INFO(SPCOCN-1044): writing binary file...
INFO(SPCOCN-1049): Writing ASCII file...
INFO(SPCOCN-1053): writing connectivity file...
INFO(SPCOCN-1054): ...written

CSDirect 17.4-2019 S039 (4153571)

Netlisting block power_amplifier

Processing page 1

INFO(SPCOCN-1640): writing occurrence data...
INFO(SPCOCN-1054): ...written
INFO(SPCOCN-1070): Checking drawing...
INFO(SPCOCN-1024): Drawing not written.
;
WARNING(SPCOCN-982): The operation could not be performed because no object on the drawing was selected.
copy 
INFO(SPCOCN-999): Signal: GNDD selected.
INFO(SPCOCN-1070): Checking drawing...
INFO(SPCOCN-1028): writing <power_amplifier_lib>POWER_AMPLIFIER.SCH.1.1:
INFO(SPCOCN-1044): writing binary file...
INFO(SPCOCN-1049): Writing ASCII file...
INFO(SPCOCN-1053): writing connectivity file...
INFO(SPCOCN-1054): ...written

CSDirect 17.4-2019 S039 (4153571)

Netlisting block power_amplifier

Processing page 1

INFO(SPCOCN-1640): writing occurrence data...
INFO(SPCOCN-1054): ...written
INFO(SPCOCN-1070): Checking drawing...
INFO(SPCOCN-1028): writing <power_amplifier_lib>POWER_AMPLIFIER.SCH.1.1:
INFO(SPCOCN-1044): writing binary file...
INFO(SPCOCN-1049): Writing ASCII file...
INFO(SPCOCN-1053): writing connectivity file...
INFO(SPCOCN-1054): ...written

CSDirect 17.4-2019 S039 (4153571)

Netlisting block power_amplifier

Processing page 1

INFO(SPCOCN-1640): writing occurrence data...
INFO(SPCOCN-1054): ...written
INFO(SPCOCN-1001): Component: I1 selected.
INFO(SPCOCN-1000): Pin: I1.DBCLK / DSD_CLK selected.
INFO(SPCOCN-946): Minimum block height must be 200 pixels.
WARNING(SPCOCN-503): The specified stroke shape '65509' is not recognized. Ensure that you specify a known shape.
INFO(SPCOCN-1001): Component: I2 selected.
WARNING(SPCOCN-503): The specified stroke shape '22101' is not recognized. Ensure that you specify a known shape.
INFO(SPCOCN-1070): Checking drawing...
INFO(SPCOCN-1028): writing <power_amplifier_lib>BLOCK1.SYM.1.1:
INFO(SPCOCN-1051): writing body file...
INFO(SPCOCN-1054): ...written

Invoking Verilog Analyzer on power_amplifier_lib.block1(entity)

No netlisting errors found. 

INFO(SPCOCN-1028): writing <power_amplifier_lib>BLOCK1.SCH.1.1:
INFO(SPCOCN-1044): writing binary file...
INFO(SPCOCN-1049): Writing ASCII file...
INFO(SPCOCN-1053): writing connectivity file...
INFO(SPCOCN-1054): ...written

CSDirect 17.4-2019 S039 (4153571)

Netlisting block block1

Processing page 1

No netlisting errors found. 

INFO(SPCOCN-1070): Checking drawing...
INFO(SPCOCN-1028): writing <power_amplifier_lib>POWER_AMPLIFIER.SCH.1.1:
INFO(SPCOCN-1044): writing binary file...
INFO(SPCOCN-1049): Writing ASCII file...
INFO(SPCOCN-1053): writing connectivity file...
INFO(SPCOCN-1054): ...written

CSDirect 17.4-2019 S039 (4153571)

Netlisting block power_amplifier

Processing page 1

INFO(SPCOCN-1640): writing occurrence data...
INFO(SPCOCN-1054): ...written
INFO(SPCOCN-1001): Component: I2 selected.
INFO(SPCOCN-1507): Adding version 1 of part C0402 from library capacitor
INFO(SPCOCN-1854): The drawing POWER_AMPLIFIER.SCH.1.1
INFO(SPCOCN-578): will be retained as drawing #1.
INFO(SPCOCN-1445): Reading BLOCK1.SCH.1.1 into drawing #2.
ERROR(SPCOCN-391): LIBRARY PATH: D:\Coding\Cadence\Project\POWAMP\worklib.
INFO(SPCOCN-395): Drawing: BLOCK1
INFO(SPCOCN-399):    BLOCK1.entity
INFO(SPCOCN-399):    BLOCK1.sch_1
INFO(SPCOCN-399):    BLOCK1.sym_1
INFO(SPCOCN-388): Do you want to remove the named files?
INFO(SPCOCN-1443): POWER_AMPLIFIER.SCH.1.1 has been previously edited as drawing #1.
INFO(SPCOCN-1070): Checking drawing...
INFO(SPCOCN-1024): Drawing not written.
INFO(SPCOCN-1070): Checking drawing...
INFO(SPCOCN-1024): Drawing not written.
INFO(SPCOCN-1070): Checking drawing...
INFO(SPCOCN-1028): writing <power_amplifier_lib>POWER_AMPLIFIER.SCH.1.1:
INFO(SPCOCN-1044): writing binary file...
INFO(SPCOCN-1049): Writing ASCII file...
INFO(SPCOCN-1053): writing connectivity file...
INFO(SPCOCN-1054): ...written

CSDirect 17.4-2019 S039 (4153571)

Netlisting block power_amplifier

Processing page 1

INFO(SPCOCN-1640): writing occurrence data...
INFO(SPCOCN-1054): ...written
INFO(SPCOCN-1507): Adding version 1 of part C3216 from library capacitor
INFO(SPCOCN-1070): Checking drawing...
INFO(SPCOCN-1028): writing <power_amplifier_lib>POWER_AMPLIFIER.SCH.1.1:
INFO(SPCOCN-1044): writing binary file...
INFO(SPCOCN-1049): Writing ASCII file...
INFO(SPCOCN-1053): writing connectivity file...
INFO(SPCOCN-1054): ...written

CSDirect 17.4-2019 S039 (4153571)

Netlisting block power_amplifier

Processing page 1

INFO(SPCOCN-1640): writing occurrence data...
INFO(SPCOCN-1054): ...written
INFO(SPCOCN-1001): Component: I3 selected.
WARNING(SPCOCN-503): The specified stroke shape '36554' is not recognized. Ensure that you specify a known shape.
INFO(SPCOCN-1195): Group contains:   1 bodies   3 properties   0 notes   3 wires   1 dots   0 images
INFO(SPCOCN-1507): Adding version 1 of part L0805 from library inductor
INFO(SPCOCN-999): Signal: GNDD selected.
INFO(SPCOCN-999): Signal: GNDD selected.
INFO(SPCOCN-999): Signal: GNDD selected.
INFO(SPCOCN-1001): Component: I4 selected.
INFO(SPCOCN-1195): Group contains:   1 bodies   2 properties   0 notes   0 wires   0 dots   0 images
INFO(SPCOCN-1507): Adding version 1 of part L0805 from library inductor
INFO(SPCOCN-1507): Adding version 1 of part C0603 from library capacitor
INFO(SPCOCN-1070): Checking drawing...
INFO(SPCOCN-1028): writing <power_amplifier_lib>POWER_AMPLIFIER.SCH.1.1:
INFO(SPCOCN-1044): writing binary file...
INFO(SPCOCN-1049): Writing ASCII file...
INFO(SPCOCN-1053): writing connectivity file...
INFO(SPCOCN-1054): ...written

CSDirect 17.4-2019 S039 (4153571)

Netlisting block power_amplifier

Processing page 1

INFO(SPCOCN-1640): writing occurrence data...
INFO(SPCOCN-1054): ...written
INFO(SPCOCN-1195): Group contains:   3 bodies   7 properties   0 notes   8 wires   2 dots   0 images
INFO(SPCOCN-999): Signal: VDD18_SA selected.
INFO(SPCOCN-1001): Component: I1 selected.
INFO(SPCOCN-1070): Checking drawing...
INFO(SPCOCN-1028): writing <power_amplifier_lib>POWER_AMPLIFIER.SCH.1.1:
INFO(SPCOCN-1044): writing binary file...
INFO(SPCOCN-1049): Writing ASCII file...
INFO(SPCOCN-1053): writing connectivity file...
INFO(SPCOCN-1054): ...written

CSDirect 17.4-2019 S039 (4153571)

Netlisting block power_amplifier

Processing page 1

INFO(SPCOCN-1640): writing occurrence data...
INFO(SPCOCN-1054): ...written
INFO(SPCOCN-1070): Checking drawing...
INFO(SPCOCN-1028): writing <power_amplifier_lib>POWER_AMPLIFIER.SCH.1.1:
INFO(SPCOCN-1044): writing binary file...
INFO(SPCOCN-1049): Writing ASCII file...
INFO(SPCOCN-1053): writing connectivity file...
INFO(SPCOCN-1054): ...written

CSDirect 17.4-2019 S039 (4153571)

Netlisting block power_amplifier

Processing page 1

INFO(SPCOCN-1640): writing occurrence data...
INFO(SPCOCN-1054): ...written
